CRITICAL - 2022-01-31 07:32:55 --> The framework needs the following extension(s) installed and loaded: intl.
#0 /srv/http/codeigniter-example/system/CodeIgniter.php(219): CodeIgniter\Exceptions\FrameworkException::forMissingExtension()
#1 /srv/http/codeigniter-example/system/CodeIgniter.php(177): CodeIgniter\CodeIgniter->resolvePlatformExtensions()
#2 /srv/http/codeigniter-example/system/bootstrap.php(146): CodeIgniter\CodeIgniter->initialize()
#3 /srv/http/codeigniter-example/spark(45): require('...')
#4 {main}
CRITICAL - 2022-01-31 07:39:23 --> The framework needs the following extension(s) installed and loaded: intl.
#0 /srv/http/codeigniter-example/system/CodeIgniter.php(219): CodeIgniter\Exceptions\FrameworkException::forMissingExtension()
#1 /srv/http/codeigniter-example/system/CodeIgniter.php(177): CodeIgniter\CodeIgniter->resolvePlatformExtensions()
#2 /srv/http/codeigniter-example/system/bootstrap.php(146): CodeIgniter\CodeIgniter->initialize()
#3 /srv/http/codeigniter-example/spark(45): require('...')
#4 {main}
CRITICAL - 2022-01-31 07:42:17 --> The framework needs the following extension(s) installed and loaded: intl.
#0 /srv/http/codeigniter-example/system/CodeIgniter.php(219): CodeIgniter\Exceptions\FrameworkException::forMissingExtension()
#1 /srv/http/codeigniter-example/system/CodeIgniter.php(177): CodeIgniter\CodeIgniter->resolvePlatformExtensions()
#2 /srv/http/codeigniter-example/system/bootstrap.php(146): CodeIgniter\CodeIgniter->initialize()
#3 /srv/http/codeigniter-example/spark(45): require('...')
#4 {main}
CRITICAL - 2022-01-31 07:50:12 --> The framework needs the following extension(s) installed and loaded: intl.
#0 /srv/http/codeigniter-example/system/CodeIgniter.php(219): CodeIgniter\Exceptions\FrameworkException::forMissingExtension()
#1 /srv/http/codeigniter-example/system/CodeIgniter.php(177): CodeIgniter\CodeIgniter->resolvePlatformExtensions()
#2 /srv/http/codeigniter-example/system/bootstrap.php(146): CodeIgniter\CodeIgniter->initialize()
#3 /srv/http/codeigniter-example/spark(45): require('...')
#4 {main}
